d:\study\file\demo\opengl\summarize\assimp-5.0.1\build\code\assimp.dir\debug\ioapi.obj
d:\study\file\demo\opengl\summarize\assimp-5.0.1\build\code\assimp.dir\debug\cencode.obj
d:\study\file\demo\opengl\summarize\assimp-5.0.1\build\code\assimp.dir\debug\zip.obj
d:\study\file\demo\opengl\summarize\assimp-5.0.1\build\code\assimp.dir\debug\unzip.obj
d:\study\file\demo\opengl\summarize\assimp-5.0.1\build\code\assimp.dir\debug\skeletonmeshbuilder.obj
d:\study\file\demo\opengl\summarize\assimp-5.0.1\build\code\assimp.dir\debug\bitmap.obj
d:\study\file\demo\opengl\summarize\assimp-5.0.1\build\code\assimp.dir\debug\finddegenerates.obj
d:\study\file\demo\opengl\summarize\assimp-5.0.1\build\code\assimp.dir\debug\validatedatastructure.obj
d:\study\file\demo\opengl\summarize\assimp-5.0.1\build\code\assimp.dir\debug\amfimporter_geometry.obj
d:\study\file\demo\opengl\summarize\assimp-5.0.1\build\code\assimp.dir\debug\csmloader.obj
d:\study\file\demo\opengl\summarize\assimp-5.0.1\build\code\assimp.dir\debug\mdcloader.obj
d:\study\file\demo\opengl\summarize\assimp-5.0.1\build\code\assimp.dir\debug\objfileparser.obj
d:\study\file\demo\opengl\summarize\assimp-5.0.1\build\code\assimp.dir\debug\blendertessellator.obj
d:\study\file\demo\opengl\summarize\assimp-5.0.1\build\code\assimp.dir\debug\fbxparser.obj
d:\study\file\demo\opengl\summarize\assimp-5.0.1\build\code\assimp.dir\debug\fbxproperties.obj
d:\study\file\demo\opengl\summarize\assimp-5.0.1\build\code\assimp.dir\debug\fbxdocumentutil.obj
d:\study\file\demo\opengl\summarize\assimp-5.0.1\build\code\assimp.dir\debug\x3dimporter_geometry3d.obj
d:\study\file\demo\opengl\summarize\assimp-5.0.1\build\code\assimp.dir\debug\stepfileimporter.obj
d:\study\file\demo\opengl\summarize\assimp-5.0.1\build\code\assimp.dir\debug\x3dexporter.obj
d:\study\file\demo\opengl\summarize\assimp-5.0.1\build\code\assimp.dir\debug\sweep_context.obj
d:\study\file\demo\opengl\summarize\assimp-5.0.1\build\code\assimp.dir\debug\o3dgcarithmeticcodec.obj
d:\study\file\demo\opengl\summarize\assimp-5.0.1\build\code\assimp.dir\debug\o3dgcdynamicvectorencoder.obj
d:\study\file\demo\opengl\summarize\assimp-5.0.1\build\code\assimp.dir\debug\assimp.obj
d:\study\file\demo\opengl\summarize\assimp-5.0.1\build\code\assimp.dir\debug\embedtexturesprocess.obj
d:\study\file\demo\opengl\summarize\assimp-5.0.1\build\code\assimp.dir\debug\optimizegraph.obj
d:\study\file\demo\opengl\summarize\assimp-5.0.1\build\code\assimp.dir\debug\3dsloader.obj
d:\study\file\demo\opengl\summarize\assimp-5.0.1\build\code\assimp.dir\debug\lwoloader.obj
d:\study\file\demo\opengl\summarize\assimp-5.0.1\build\code\assimp.dir\debug\ms3dloader.obj
d:\study\file\demo\opengl\summarize\assimp-5.0.1\build\code\assimp.dir\debug\ifccurve.obj
d:\study\file\demo\opengl\summarize\assimp-5.0.1\build\code\assimp.dir\debug\terragenloader.obj
d:\study\file\demo\opengl\summarize\assimp-5.0.1\build\code\assimp.dir\debug\x3dimporter_rendering.obj
d:\study\file\demo\opengl\summarize\assimp-5.0.1\build\code\assimp.dir\debug\stepfilegen2.obj
d:\study\file\demo\opengl\summarize\assimp-5.0.1\build\code\assimp.dir\debug\spatialsort.obj
d:\study\file\demo\opengl\summarize\assimp-5.0.1\build\code\assimp.dir\debug\targetanimation.obj
d:\study\file\demo\opengl\summarize\assimp-5.0.1\build\code\assimp.dir\debug\computeuvmappingprocess.obj
d:\study\file\demo\opengl\summarize\assimp-5.0.1\build\code\assimp.dir\debug\sortbyptypeprocess.obj
d:\study\file\demo\opengl\summarize\assimp-5.0.1\build\code\assimp.dir\debug\amfimporter.obj
d:\study\file\demo\opengl\summarize\assimp-5.0.1\build\code\assimp.dir\debug\irrshared.obj
d:\study\file\demo\opengl\summarize\assimp-5.0.1\build\code\assimp.dir\debug\md5loader.obj
d:\study\file\demo\opengl\summarize\assimp-5.0.1\build\code\assimp.dir\debug\opengeximporter.obj
d:\study\file\demo\opengl\summarize\assimp-5.0.1\build\code\assimp.dir\debug\ifcreadergen2_2x3.obj
d:\study\file\demo\opengl\summarize\assimp-5.0.1\build\code\assimp.dir\debug\fbxanimation.obj
d:\study\file\demo\opengl\summarize\assimp-5.0.1\build\code\assimp.dir\debug\x3dimporter_geometry2d.obj
d:\study\file\demo\opengl\summarize\assimp-5.0.1\build\code\assimp.dir\debug\gltfcommon.obj
d:\study\file\demo\opengl\summarize\assimp-5.0.1\build\code\assimp.dir\debug\assbinexporter.obj
d:\study\file\demo\opengl\summarize\assimp-5.0.1\build\code\assimp.dir\debug\fbxexporter.obj
d:\study\file\demo\opengl\summarize\assimp-5.0.1\build\code\assimp.dir\debug\scenecombiner.obj
d:\study\file\demo\opengl\summarize\assimp-5.0.1\build\code\assimp.dir\debug\assimpcexport.obj
d:\study\file\demo\opengl\summarize\assimp-5.0.1\build\code\assimp.dir\debug\optimizemeshes.obj
d:\study\file\demo\opengl\summarize\assimp-5.0.1\build\code\assimp.dir\debug\stepfilereader.obj
d:\study\file\demo\opengl\summarize\assimp-5.0.1\build\code\assimp.dir\debug\md5parser.obj
d:\study\file\demo\opengl\summarize\assimp-5.0.1\build\code\assimp.dir\debug\ogrestructs.obj
d:\study\file\demo\opengl\summarize\assimp-5.0.1\build\code\assimp.dir\debug\ifcprofile.obj
d:\study\file\demo\opengl\summarize\assimp-5.0.1\build\code\assimp.dir\debug\fbxdeformer.obj
d:\study\file\demo\opengl\summarize\assimp-5.0.1\build\code\assimp.dir\debug\xfileparser.obj
d:\study\file\demo\opengl\summarize\assimp-5.0.1\build\code\assimp.dir\debug\gltf2importer.obj
d:\study\file\demo\opengl\summarize\assimp-5.0.1\build\code\assimp.dir\debug\cdt.obj
d:\study\file\demo\opengl\summarize\assimp-5.0.1\build\code\assimp.dir\debug\value.obj
d:\study\file\demo\opengl\summarize\assimp-5.0.1\build\code\assimp.dir\debug\importerregistry.obj
d:\study\file\demo\opengl\summarize\assimp-5.0.1\build\code\assimp.dir\debug\irrloader.obj
d:\study\file\demo\opengl\summarize\assimp-5.0.1\build\code\assimp.dir\debug\ogreimporter.obj
d:\study\file\demo\opengl\summarize\assimp-5.0.1\build\code\assimp.dir\debug\blenderbmesh.obj
d:\study\file\demo\opengl\summarize\assimp-5.0.1\build\code\assimp.dir\debug\fbxtokenizer.obj
d:\study\file\demo\opengl\summarize\assimp-5.0.1\build\code\assimp.dir\debug\fbxutil.obj
d:\study\file\demo\opengl\summarize\assimp-5.0.1\build\code\assimp.dir\debug\fbxmeshgeometry.obj
d:\study\file\demo\opengl\summarize\assimp-5.0.1\build\code\assimp.dir\debug\q3bspfileparser.obj
d:\study\file\demo\opengl\summarize\assimp-5.0.1\build\code\assimp.dir\debug\x3dimporter.obj
d:\study\file\demo\opengl\summarize\assimp-5.0.1\build\code\assimp.dir\debug\stepfilegen3.obj
d:\study\file\demo\opengl\summarize\assimp-5.0.1\build\code\assimp.dir\debug\defaultiostream.obj
d:\study\file\demo\opengl\summarize\assimp-5.0.1\build\code\assimp.dir\debug\splitbybonecountprocess.obj
d:\study\file\demo\opengl\summarize\assimp-5.0.1\build\code\assimp.dir\debug\genfacenormalsprocess.obj
d:\study\file\demo\opengl\summarize\assimp-5.0.1\build\code\assimp.dir\debug\texturetransform.obj
d:\study\file\demo\opengl\summarize\assimp-5.0.1\build\code\assimp.dir\debug\acloader.obj
d:\study\file\demo\opengl\summarize\assimp-5.0.1\build\code\assimp.dir\debug\lwoanimation.obj
d:\study\file\demo\opengl\summarize\assimp-5.0.1\build\code\assimp.dir\debug\nffloader.obj
d:\study\file\demo\opengl\summarize\assimp-5.0.1\build\code\assimp.dir\debug\ifcreadergen1_2x3.obj
d:\study\file\demo\opengl\summarize\assimp-5.0.1\build\code\assimp.dir\debug\scenepreprocessor.obj
d:\study\file\demo\opengl\summarize\assimp-5.0.1\build\code\assimp.dir\debug\subdivision.obj
d:\study\file\demo\opengl\summarize\assimp-5.0.1\build\code\assimp.dir\debug\removeredundantmaterials.obj
d:\study\file\demo\opengl\summarize\assimp-5.0.1\build\code\assimp.dir\debug\stepfileencoding.obj
d:\study\file\demo\opengl\summarize\assimp-5.0.1\build\code\assimp.dir\debug\colladaloader.obj
d:\study\file\demo\opengl\summarize\assimp-5.0.1\build\code\assimp.dir\debug\ogrexmlserializer.obj
d:\study\file\demo\opengl\summarize\assimp-5.0.1\build\code\assimp.dir\debug\ifcgeometry.obj
d:\study\file\demo\opengl\summarize\assimp-5.0.1\build\code\assimp.dir\debug\sibimporter.obj
d:\study\file\demo\opengl\summarize\assimp-5.0.1\build\code\assimp.dir\debug\fireader.obj
d:\study\file\demo\opengl\summarize\assimp-5.0.1\build\code\assimp.dir\debug\fbxexportproperty.obj
d:\study\file\demo\opengl\summarize\assimp-5.0.1\build\code\assimp.dir\debug\mesh_splitter.obj
d:\study\file\demo\opengl\summarize\assimp-5.0.1\build\code\assimp.dir\debug\openddlparser.obj
d:\study\file\demo\opengl\summarize\assimp-5.0.1\build\code\assimp.dir\debug\poststepregistry.obj
d:\study\file\demo\opengl\summarize\assimp-5.0.1\build\code\assimp.dir\debug\converttolhprocess.obj
d:\study\file\demo\opengl\summarize\assimp-5.0.1\build\code\assimp.dir\debug\pretransformvertices.obj
d:\study\file\demo\opengl\summarize\assimp-5.0.1\build\code\assimp.dir\debug\genboundingboxesprocess.obj
d:\study\file\demo\opengl\summarize\assimp-5.0.1\build\code\assimp.dir\debug\bvhloader.obj
d:\study\file\demo\opengl\summarize\assimp-5.0.1\build\code\assimp.dir\debug\lwomaterial.obj
d:\study\file\demo\opengl\summarize\assimp-5.0.1\build\code\assimp.dir\debug\objfilemtlimporter.obj
d:\study\file\demo\opengl\summarize\assimp-5.0.1\build\code\assimp.dir\debug\blenderloader.obj
d:\study\file\demo\opengl\summarize\assimp-5.0.1\build\code\assimp.dir\debug\fbxdocument.obj
d:\study\file\demo\opengl\summarize\assimp-5.0.1\build\code\assimp.dir\debug\fbxnodeattribute.obj
d:\study\file\demo\opengl\summarize\assimp-5.0.1\build\code\assimp.dir\debug\xfileimporter.obj
d:\study\file\demo\opengl\summarize\assimp-5.0.1\build\code\assimp.dir\debug\mmdpmxparser.obj
d:\study\file\demo\opengl\summarize\assimp-5.0.1\build\code\assimp.dir\debug\opengexexporter.obj
d:\study\file\demo\opengl\summarize\assimp-5.0.1\build\code\assimp.dir\debug\fbxexportnode.obj
d:\study\file\demo\opengl\summarize\assimp-5.0.1\build\code\assimp.dir\debug\stepexporter.obj
d:\study\file\demo\opengl\summarize\assimp-5.0.1\build\code\assimp.dir\debug\sgspatialsort.obj
d:\study\file\demo\opengl\summarize\assimp-5.0.1\build\code\assimp.dir\debug\removecomments.obj
d:\study\file\demo\opengl\summarize\assimp-5.0.1\build\code\assimp.dir\debug\simd.obj
d:\study\file\demo\opengl\summarize\assimp-5.0.1\build\code\assimp.dir\debug\exporter.obj
d:\study\file\demo\opengl\summarize\assimp-5.0.1\build\code\assimp.dir\debug\deboneprocess.obj
d:\study\file\demo\opengl\summarize\assimp-5.0.1\build\code\assimp.dir\debug\aseparser.obj
d:\study\file\demo\opengl\summarize\assimp-5.0.1\build\code\assimp.dir\debug\lwsloader.obj
d:\study\file\demo\opengl\summarize\assimp-5.0.1\build\code\assimp.dir\debug\blenderdna.obj
d:\study\file\demo\opengl\summarize\assimp-5.0.1\build\code\assimp.dir\debug\ifcopenings.obj
d:\study\file\demo\opengl\summarize\assimp-5.0.1\build\code\assimp.dir\debug\x3dimporter_texturing.obj
d:\study\file\demo\opengl\summarize\assimp-5.0.1\build\code\assimp.dir\debug\colladaexporter.obj
d:\study\file\demo\opengl\summarize\assimp-5.0.1\build\code\assimp.dir\debug\gltf2exporter.obj
d:\study\file\demo\opengl\summarize\assimp-5.0.1\build\code\assimp.dir\debug\defaultiosystem.obj
d:\study\file\demo\opengl\summarize\assimp-5.0.1\build\code\assimp.dir\debug\createanimmesh.obj
d:\study\file\demo\opengl\summarize\assimp-5.0.1\build\code\assimp.dir\debug\findinstancesprocess.obj
d:\study\file\demo\opengl\summarize\assimp-5.0.1\build\code\assimp.dir\debug\triangulateprocess.obj
d:\study\file\demo\opengl\summarize\assimp-5.0.1\build\code\assimp.dir\debug\materialsystem.obj
d:\study\file\demo\opengl\summarize\assimp-5.0.1\build\code\assimp.dir\debug\colladaparser.obj
d:\study\file\demo\opengl\summarize\assimp-5.0.1\build\code\assimp.dir\debug\ogrebinaryserializer.obj
d:\study\file\demo\opengl\summarize\assimp-5.0.1\build\code\assimp.dir\debug\ifcutil.obj
d:\study\file\demo\opengl\summarize\assimp-5.0.1\build\code\assimp.dir\debug\q3bspfileimporter.obj
d:\study\file\demo\opengl\summarize\assimp-5.0.1\build\code\assimp.dir\debug\x3dimporter_networking.obj
d:\study\file\demo\opengl\summarize\assimp-5.0.1\build\code\assimp.dir\debug\d3mfopcpackage.obj
d:\study\file\demo\opengl\summarize\assimp-5.0.1\build\code\assimp.dir\debug\objexporter.obj
d:\study\file\demo\opengl\summarize\assimp-5.0.1\build\code\assimp.dir\debug\json_exporter.obj
d:\study\file\demo\opengl\summarize\assimp-5.0.1\build\code\assimp.dir\debug\openddlcommon.obj
d:\study\file\demo\opengl\summarize\assimp-5.0.1\build\code\assimp.dir\debug\o3dgctools.obj
d:\study\file\demo\opengl\summarize\assimp-5.0.1\build\code\assimp.dir\debug\o3dgctrianglefans.obj
d:\study\file\demo\opengl\summarize\assimp-5.0.1\build\code\assimp.dir\debug\importer.obj
d:\study\file\demo\opengl\summarize\assimp-5.0.1\build\code\assimp.dir\debug\genvertexnormalsprocess.obj
d:\study\file\demo\opengl\summarize\assimp-5.0.1\build\code\assimp.dir\debug\processhelper.obj
d:\study\file\demo\opengl\summarize\assimp-5.0.1\build\code\assimp.dir\debug\aseloader.obj
d:\study\file\demo\opengl\summarize\assimp-5.0.1\build\code\assimp.dir\debug\mdlmaterialloader.obj
d:\study\file\demo\opengl\summarize\assimp-5.0.1\build\code\assimp.dir\debug\plyloader.obj
d:\study\file\demo\opengl\summarize\assimp-5.0.1\build\code\assimp.dir\debug\ifcloader.obj
d:\study\file\demo\opengl\summarize\assimp-5.0.1\build\code\assimp.dir\debug\q3dloader.obj
d:\study\file\demo\opengl\summarize\assimp-5.0.1\build\code\assimp.dir\debug\x3dimporter_group.obj
d:\study\file\demo\opengl\summarize\assimp-5.0.1\build\code\assimp.dir\debug\gltfimporter.obj
d:\study\file\demo\opengl\summarize\assimp-5.0.1\build\code\assimp.dir\debug\advancing_front.obj
d:\study\file\demo\opengl\summarize\assimp-5.0.1\build\code\assimp.dir\debug\ddlnode.obj
d:\study\file\demo\opengl\summarize\assimp-5.0.1\build\code\assimp.dir\debug\o3dgcdynamicvectordecoder.obj
d:\study\file\demo\opengl\summarize\assimp-5.0.1\build\code\assimp.dir\debug\baseimporter.obj
d:\study\file\demo\opengl\summarize\assimp-5.0.1\build\code\assimp.dir\debug\dropfacenormalsprocess.obj
d:\study\file\demo\opengl\summarize\assimp-5.0.1\build\code\assimp.dir\debug\joinverticesprocess.obj
d:\study\file\demo\opengl\summarize\assimp-5.0.1\build\code\assimp.dir\debug\amfimporter_postprocess.obj
d:\study\file\demo\opengl\summarize\assimp-5.0.1\build\code\assimp.dir\debug\lwobloader.obj
d:\study\file\demo\opengl\summarize\assimp-5.0.1\build\code\assimp.dir\debug\objfileimporter.obj
d:\study\file\demo\opengl\summarize\assimp-5.0.1\build\code\assimp.dir\debug\blendermodifier.obj
d:\study\file\demo\opengl\summarize\assimp-5.0.1\build\code\assimp.dir\debug\xglloader.obj
d:\study\file\demo\opengl\summarize\assimp-5.0.1\build\code\assimp.dir\debug\fbxmodel.obj
d:\study\file\demo\opengl\summarize\assimp-5.0.1\build\code\assimp.dir\debug\smdloader.obj
d:\study\file\demo\opengl\summarize\assimp-5.0.1\build\code\assimp.dir\debug\x3dimporter_shape.obj
d:\study\file\demo\opengl\summarize\assimp-5.0.1\build\code\assimp.dir\debug\assxmlexporter.obj
d:\study\file\demo\opengl\summarize\assimp-5.0.1\build\code\assimp.dir\debug\stlexporter.obj
d:\study\file\demo\opengl\summarize\assimp-5.0.1\build\code\assimp.dir\debug\shapes.obj
d:\study\file\demo\opengl\summarize\assimp-5.0.1\build\code\assimp.dir\debug\clipper.obj
d:\study\file\demo\opengl\summarize\assimp-5.0.1\build\code\assimp.dir\debug\baseprocess.obj
d:\study\file\demo\opengl\summarize\assimp-5.0.1\build\code\assimp.dir\debug\defaultlogger.obj
d:\study\file\demo\opengl\summarize\assimp-5.0.1\build\code\assimp.dir\debug\improvecachelocality.obj
d:\study\file\demo\opengl\summarize\assimp-5.0.1\build\code\assimp.dir\debug\makeverboseformat.obj
d:\study\file\demo\opengl\summarize\assimp-5.0.1\build\code\assimp.dir\debug\b3dimporter.obj
d:\study\file\demo\opengl\summarize\assimp-5.0.1\build\code\assimp.dir\debug\md2loader.obj
d:\study\file\demo\opengl\summarize\assimp-5.0.1\build\code\assimp.dir\debug\offloader.obj
d:\study\file\demo\opengl\summarize\assimp-5.0.1\build\code\assimp.dir\debug\cobloader.obj
d:\study\file\demo\opengl\summarize\assimp-5.0.1\build\code\assimp.dir\debug\ifcboolean.obj
d:\study\file\demo\opengl\summarize\assimp-5.0.1\build\code\assimp.dir\debug\unrealloader.obj
d:\study\file\demo\opengl\summarize\assimp-5.0.1\build\code\assimp.dir\debug\x3dvocabulary.obj
d:\study\file\demo\opengl\summarize\assimp-5.0.1\build\code\assimp.dir\debug\3dsexporter.obj
d:\study\file\demo\opengl\summarize\assimp-5.0.1\build\code\assimp.dir\debug\gltfexporter.obj
d:\study\file\demo\opengl\summarize\assimp-5.0.1\build\code\assimp.dir\debug\ziparchiveiosystem.obj
d:\study\file\demo\opengl\summarize\assimp-5.0.1\build\code\assimp.dir\debug\version.obj
d:\study\file\demo\opengl\summarize\assimp-5.0.1\build\code\assimp.dir\debug\fixnormalsstep.obj
d:\study\file\demo\opengl\summarize\assimp-5.0.1\build\code\assimp.dir\debug\limitboneweightsprocess.obj
d:\study\file\demo\opengl\summarize\assimp-5.0.1\build\code\assimp.dir\debug\amfimporter_material.obj
d:\study\file\demo\opengl\summarize\assimp-5.0.1\build\code\assimp.dir\debug\dxfloader.obj
d:\study\file\demo\opengl\summarize\assimp-5.0.1\build\code\assimp.dir\debug\ndoloader.obj
d:\study\file\demo\opengl\summarize\assimp-5.0.1\build\code\assimp.dir\debug\blenderscene.obj
d:\study\file\demo\opengl\summarize\assimp-5.0.1\build\code\assimp.dir\debug\fbxconverter.obj
d:\study\file\demo\opengl\summarize\assimp-5.0.1\build\code\assimp.dir\debug\x3dimporter_postprocess.obj
d:\study\file\demo\opengl\summarize\assimp-5.0.1\build\code\assimp.dir\debug\stepfilegen1.obj
d:\study\file\demo\opengl\summarize\assimp-5.0.1\build\code\assimp.dir\debug\cinterfaceiowrapper.obj
d:\study\file\demo\opengl\summarize\assimp-5.0.1\build\code\assimp.dir\debug\standardshapes.obj
d:\study\file\demo\opengl\summarize\assimp-5.0.1\build\code\assimp.dir\debug\calctangentsprocess.obj
d:\study\file\demo\opengl\summarize\assimp-5.0.1\build\code\assimp.dir\debug\removevcprocess.obj
d:\study\file\demo\opengl\summarize\assimp-5.0.1\build\code\assimp.dir\debug\scaleprocess.obj
d:\study\file\demo\opengl\summarize\assimp-5.0.1\build\code\assimp.dir\debug\assbinloader.obj
d:\study\file\demo\opengl\summarize\assimp-5.0.1\build\code\assimp.dir\debug\hmploader.obj
d:\study\file\demo\opengl\summarize\assimp-5.0.1\build\code\assimp.dir\debug\md3loader.obj
d:\study\file\demo\opengl\summarize\assimp-5.0.1\build\code\assimp.dir\debug\ogrematerial.obj
d:\study\file\demo\opengl\summarize\assimp-5.0.1\build\code\assimp.dir\debug\ifcmaterial.obj
d:\study\file\demo\opengl\summarize\assimp-5.0.1\build\code\assimp.dir\debug\fbxbinarytokenizer.obj
d:\study\file\demo\opengl\summarize\assimp-5.0.1\build\code\assimp.dir\debug\rawloader.obj
d:\study\file\demo\opengl\summarize\assimp-5.0.1\build\code\assimp.dir\debug\x3dimporter_light.obj
d:\study\file\demo\opengl\summarize\assimp-5.0.1\build\code\assimp.dir\debug\d3mfimporter.obj
d:\study\file\demo\opengl\summarize\assimp-5.0.1\build\code\assimp.dir\debug\plyexporter.obj
d:\study\file\demo\opengl\summarize\assimp-5.0.1\build\code\assimp.dir\debug\d3mfexporter.obj
d:\study\file\demo\opengl\summarize\assimp-5.0.1\build\code\assimp.dir\debug\openddlexport.obj
d:\study\file\demo\opengl\summarize\assimp-5.0.1\build\code\assimp.dir\debug\vertextriangleadjacency.obj
d:\study\file\demo\opengl\summarize\assimp-5.0.1\build\code\assimp.dir\debug\scene.obj
d:\study\file\demo\opengl\summarize\assimp-5.0.1\build\code\assimp.dir\debug\findinvaliddataprocess.obj
d:\study\file\demo\opengl\summarize\assimp-5.0.1\build\code\assimp.dir\debug\splitlargemeshes.obj
d:\study\file\demo\opengl\summarize\assimp-5.0.1\build\code\assimp.dir\debug\3dsconverter.obj
d:\study\file\demo\opengl\summarize\assimp-5.0.1\build\code\assimp.dir\debug\irrmeshloader.obj
d:\study\file\demo\opengl\summarize\assimp-5.0.1\build\code\assimp.dir\debug\mdlloader.obj
d:\study\file\demo\opengl\summarize\assimp-5.0.1\build\code\assimp.dir\debug\plyparser.obj
d:\study\file\demo\opengl\summarize\assimp-5.0.1\build\code\assimp.dir\debug\blendercustomdata.obj
d:\study\file\demo\opengl\summarize\assimp-5.0.1\build\code\assimp.dir\debug\fbximporter.obj
d:\study\file\demo\opengl\summarize\assimp-5.0.1\build\code\assimp.dir\debug\fbxmaterial.obj
d:\study\file\demo\opengl\summarize\assimp-5.0.1\build\code\assimp.dir\debug\stlloader.obj
d:\study\file\demo\opengl\summarize\assimp-5.0.1\build\code\assimp.dir\debug\x3dimporter_metadata.obj
d:\study\file\demo\opengl\summarize\assimp-5.0.1\build\code\assimp.dir\debug\mmdimporter.obj
d:\study\file\demo\opengl\summarize\assimp-5.0.1\build\code\assimp.dir\debug\xfileexporter.obj
d:\study\file\demo\opengl\summarize\assimp-5.0.1\build\code\assimp.dir\debug\sweep.obj
d:\study\file\demo\opengl\summarize\assimp-5.0.1\build\code\assimp.dir\debug\openddlstream.obj
d:\study\file\demo\opengl\summarize\assimp-5.0.1\build\code\assimp.dir\debug\vc140.pdb
d:\study\file\demo\opengl\summarize\assimp-5.0.1\build\code\cmakefiles\generate.stamp
d:\study\file\demo\opengl\summarize\assimp-5.0.1\build\code\assimp.dir\debug\assimp.res
d:\study\file\demo\opengl\summarize\assimp-5.0.1\build\code\debug\assimp-vc140-mtd.pdb
d:\study\file\demo\opengl\summarize\assimp-5.0.1\build\code\assimp.dir\debug\assimp.tlog\cl.26796.write.1.tlog
d:\study\file\demo\opengl\summarize\assimp-5.0.1\build\code\assimp.dir\debug\assimp.tlog\cl.command.1.tlog
d:\study\file\demo\opengl\summarize\assimp-5.0.1\build\code\assimp.dir\debug\assimp.tlog\cl.read.1.tlog
d:\study\file\demo\opengl\summarize\assimp-5.0.1\build\code\assimp.dir\debug\assimp.tlog\custombuild.command.1.tlog
d:\study\file\demo\opengl\summarize\assimp-5.0.1\build\code\assimp.dir\debug\assimp.tlog\custombuild.read.1.tlog
d:\study\file\demo\opengl\summarize\assimp-5.0.1\build\code\assimp.dir\debug\assimp.tlog\custombuild.write.1.tlog
d:\study\file\demo\opengl\summarize\assimp-5.0.1\build\code\assimp.dir\debug\assimp.tlog\link-cvtres.read.1.tlog
d:\study\file\demo\opengl\summarize\assimp-5.0.1\build\code\assimp.dir\debug\assimp.tlog\link-cvtres.write.1.tlog
d:\study\file\demo\opengl\summarize\assimp-5.0.1\build\code\assimp.dir\debug\assimp.tlog\link-rc.read.1.tlog
d:\study\file\demo\opengl\summarize\assimp-5.0.1\build\code\assimp.dir\debug\assimp.tlog\link-rc.write.1.tlog
d:\study\file\demo\opengl\summarize\assimp-5.0.1\build\code\assimp.dir\debug\assimp.tlog\link.command.1.tlog
d:\study\file\demo\opengl\summarize\assimp-5.0.1\build\code\assimp.dir\debug\assimp.tlog\link.read.1.tlog
d:\study\file\demo\opengl\summarize\assimp-5.0.1\build\code\assimp.dir\debug\assimp.tlog\link.write.1.tlog
d:\study\file\demo\opengl\summarize\assimp-5.0.1\build\code\assimp.dir\debug\assimp.tlog\rc.command.1.tlog
d:\study\file\demo\opengl\summarize\assimp-5.0.1\build\code\assimp.dir\debug\assimp.tlog\rc.read.1.tlog
d:\study\file\demo\opengl\summarize\assimp-5.0.1\build\code\assimp.dir\debug\assimp.tlog\rc.write.1.tlog
