  Building Custom Rule D:/Study/file/demo/OpenGL/summarize/assimp-5.0.1/code/CMakeLists.txt
  Assimp.cpp
  CInterfaceIOWrapper.cpp
  BaseImporter.cpp
  BaseProcess.cpp
  PostStepRegistry.cpp
  ImporterRegistry.cpp
  DefaultIOStream.cpp
  DefaultIOSystem.cpp
  ZipArchiveIOSystem.cpp
  Importer.cpp
  SGSpatialSort.cpp
  VertexTriangleAdjacency.cpp
  SpatialSort.cpp
  SceneCombiner.cpp
  ScenePreprocessor.cpp
  SkeletonMeshBuilder.cpp
  SplitByBoneCountProcess.cpp
  StandardShapes.cpp
  TargetAnimation.cpp
  RemoveComments.cpp
  Subdivision.cpp
  scene.cpp
  Bitmap.cpp
  Version.cpp
  CreateAnimMesh.cpp
  simd.cpp
  DefaultLogger.cpp
  Exporter.cpp
  AssimpCExport.cpp
  CalcTangentsProcess.cpp
  ComputeUVMappingProcess.cpp
  ConvertToLHProcess.cpp
  EmbedTexturesProcess.cpp
  FindDegenerates.cpp
  FindInstancesProcess.cpp
  FindInvalidDataProcess.cpp
  FixNormalsStep.cpp
  DropFaceNormalsProcess.cpp
  GenFaceNormalsProcess.cpp
  GenVertexNormalsProcess.cpp
  PretransformVertices.cpp
  ImproveCacheLocality.cpp
  JoinVerticesProcess.cpp
  LimitBoneWeightsProcess.cpp
  RemoveRedundantMaterials.cpp
  RemoveVCProcess.cpp
  SortByPTypeProcess.cpp
  SplitLargeMeshes.cpp
  TextureTransform.cpp
  TriangulateProcess.cpp
  ValidateDataStructure.cpp
  OptimizeGraph.cpp
  OptimizeMeshes.cpp
  DeboneProcess.cpp
  ProcessHelper.cpp
  MakeVerboseFormat.cpp
  ScaleProcess.cpp
  GenBoundingBoxesProcess.cpp
  MaterialSystem.cpp
  STEPFileReader.cpp
  STEPFileEncoding.cpp
  AMFImporter.cpp
  AMFImporter_Geometry.cpp
  AMFImporter_Material.cpp
  AMFImporter_Postprocess.cpp
  3DSConverter.cpp
  3DSLoader.cpp
  ACLoader.cpp
  ASELoader.cpp
  ASEParser.cpp
  AssbinLoader.cpp
  B3DImporter.cpp
  BVHLoader.cpp
  ColladaLoader.cpp
  ColladaParser.cpp
  DXFLoader.cpp
  CSMLoader.cpp
  HMPLoader.cpp
  IRRMeshLoader.cpp
  IRRShared.cpp
  IRRLoader.cpp
  LWOAnimation.cpp
  LWOBLoader.cpp
  LWOLoader.cpp
  LWOMaterial.cpp
  LWSLoader.cpp
  MD2Loader.cpp
  MD3Loader.cpp
  MD5Loader.cpp
  MD5Parser.cpp
  MDCLoader.cpp
  MDLLoader.cpp
  MDLMaterialLoader.cpp
  NFFLoader.cpp
  NDOLoader.cpp
  OFFLoader.cpp
  ObjFileImporter.cpp
  ObjFileMtlImporter.cpp
  ObjFileParser.cpp
  OgreImporter.cpp
  OgreStructs.cpp
  OgreBinarySerializer.cpp
  OgreXmlSerializer.cpp
  OgreMaterial.cpp
  OpenGEXImporter.cpp
  PlyLoader.cpp
  PlyParser.cpp
  MS3DLoader.cpp
  COBLoader.cpp
  BlenderLoader.cpp
  BlenderDNA.cpp
  BlenderScene.cpp
  BlenderModifier.cpp
  BlenderBMesh.cpp
  BlenderTessellator.cpp
  BlenderCustomData.cpp
  IFCLoader.cpp
  IFCReaderGen1_2x3.cpp
  IFCReaderGen2_2x3.cpp
  IFCUtil.cpp
  IFCGeometry.cpp
  IFCMaterial.cpp
  IFCProfile.cpp
  IFCCurve.cpp
  IFCBoolean.cpp
  IFCOpenings.cpp
  XGLLoader.cpp
  FBXImporter.cpp
  FBXParser.cpp
  FBXTokenizer.cpp
  FBXConverter.cpp
  FBXUtil.cpp
  FBXDocument.cpp
  FBXProperties.cpp
  FBXMeshGeometry.cpp
  FBXMaterial.cpp
  FBXModel.cpp
  FBXAnimation.cpp
  FBXNodeAttribute.cpp
  FBXDeformer.cpp
  FBXBinaryTokenizer.cpp
  FBXDocumentUtil.cpp
  Q3DLoader.cpp
  Q3BSPFileParser.cpp
  Q3BSPFileImporter.cpp
  RawLoader.cpp
  SIBImporter.cpp
  SMDLoader.cpp
  STLLoader.cpp
  TerragenLoader.cpp
  UnrealLoader.cpp
  XFileImporter.cpp
  XFileParser.cpp
  X3DImporter.cpp
  X3DImporter_Geometry2D.cpp
  X3DImporter_Geometry3D.cpp
  X3DImporter_Group.cpp
  X3DImporter_Light.cpp
  X3DImporter_Metadata.cpp
  X3DImporter_Networking.cpp
  X3DImporter_Postprocess.cpp
  X3DImporter_Rendering.cpp
  X3DImporter_Shape.cpp
  X3DImporter_Texturing.cpp
  FIReader.cpp
  X3DVocabulary.cpp
  glTFCommon.cpp
  glTFImporter.cpp
  glTF2Importer.cpp
  D3MFImporter.cpp
  D3MFOpcPackage.cpp
  MMDImporter.cpp
  MMDPmxParser.cpp
  StepFileImporter.cpp
  StepFileGen1.cpp
  StepFileGen2.cpp
  StepFileGen3.cpp
  3DSExporter.cpp
  AssbinExporter.cpp
  AssxmlExporter.cpp
  ColladaExporter.cpp
  ObjExporter.cpp
  OpenGEXExporter.cpp
  PlyExporter.cpp
  FBXExporter.cpp
  FBXExportNode.cpp
  FBXExportProperty.cpp
  STLExporter.cpp
  XFileExporter.cpp
  X3DExporter.cpp
  glTFExporter.cpp
  glTF2Exporter.cpp
  D3MFExporter.cpp
  json_exporter.cpp
  mesh_splitter.cpp
  StepExporter.cpp
  shapes.cc
  advancing_front.cc
  cdt.cc
  sweep.cc
  sweep_context.cc
  clipper.cpp
  OpenDDLParser.cpp
  DDLNode.cpp
  OpenDDLCommon.cpp
  OpenDDLExport.cpp
  Value.cpp
  OpenDDLStream.cpp
  o3dgcArithmeticCodec.cpp
  o3dgcDynamicVectorDecoder.cpp
  o3dgcDynamicVectorEncoder.cpp
  o3dgcTools.cpp
  o3dgcTriangleFans.cpp
  cencode.c
  ioapi.c
  unzip.c
  zip.c
     Creating library D:/Study/file/demo/OpenGL/summarize/assimp-5.0.1/build/code/Debug/assimp-vc140-mtd.lib and object D:/Study/file/demo/OpenGL/summarize/assimp-5.0.1/build/code/Debug/assimp-vc140-mtd.exp
AssbinLoader.obj : error LNK2019: unresolved external symbol _uncompress referenced in function "public: virtual void __thiscall Assimp::AssbinImporter::InternReadFile(class std::basic_string<char,struct std::char_traits<char>,class std::allocator<char> > const &,struct aiScene *,class Assimp::IOSystem *)" (?InternReadFile@AssbinImporter@Assimp@@UAEXABV?$basic_string@DU?$char_traits@D@std@@V?$allocator@D@2@@std@@PAUaiScene@@PAVIOSystem@2@@Z)
unzip.obj : error LNK2001: unresolved external symbol _inflate
BlenderLoader.obj : error LNK2001: unresolved external symbol _inflate
XGLLoader.obj : error LNK2001: unresolved external symbol _inflate
FBXParser.obj : error LNK2001: unresolved external symbol _inflate
XFileParser.obj : error LNK2001: unresolved external symbol _inflate
unzip.obj : error LNK2001: unresolved external symbol _inflateEnd
BlenderLoader.obj : error LNK2001: unresolved external symbol _inflateEnd
XGLLoader.obj : error LNK2001: unresolved external symbol _inflateEnd
FBXParser.obj : error LNK2001: unresolved external symbol _inflateEnd
XFileParser.obj : error LNK2001: unresolved external symbol _inflateEnd
BlenderLoader.obj : error LNK2019: unresolved external symbol _inflateInit2_ referenced in function "protected: virtual void __thiscall Assimp::BlenderImporter::InternReadFile(class std::basic_string<char,struct std::char_traits<char>,class std::allocator<char> > const &,struct aiScene *,class Assimp::IOSystem *)" (?InternReadFile@BlenderImporter@Assimp@@MAEXABV?$basic_string@DU?$char_traits@D@std@@V?$allocator@D@2@@std@@PAUaiScene@@PAVIOSystem@2@@Z)
XGLLoader.obj : error LNK2001: unresolved external symbol _inflateInit2_
XFileParser.obj : error LNK2001: unresolved external symbol _inflateInit2_
unzip.obj : error LNK2001: unresolved external symbol _inflateInit2_
FBXParser.obj : error LNK2019: unresolved external symbol _inflateInit_ referenced in function "void __cdecl Assimp::FBX::`anonymous namespace'::ReadBinaryDataArray(char,unsigned int,char const * &,char const *,class std::vector<char,class std::allocator<char> > &,class Assimp::FBX::Element const &)" (?ReadBinaryDataArray@?A0x035eb983@FBX@Assimp@@YAXDIAAPBDPBDAAV?$vector@DV?$allocator@D@std@@@std@@ABVElement@23@@Z)
XFileParser.obj : error LNK2019: unresolved external symbol _inflateSetDictionary referenced in function "public: __thiscall Assimp::XFileParser::XFileParser(class std::vector<char,class std::allocator<char> > const &)" (??0XFileParser@Assimp@@QAE@ABV?$vector@DV?$allocator@D@std@@@std@@@Z)
XFileParser.obj : error LNK2019: unresolved external symbol _inflateReset referenced in function "public: __thiscall Assimp::XFileParser::XFileParser(class std::vector<char,class std::allocator<char> > const &)" (??0XFileParser@Assimp@@QAE@ABV?$vector@DV?$allocator@D@std@@@std@@@Z)
AssbinExporter.obj : error LNK2019: unresolved external symbol _compress2 referenced in function "public: void __thiscall Assimp::AssbinExport::WriteBinaryDump(char const *,class Assimp::IOSystem *,struct aiScene const *)" (?WriteBinaryDump@AssbinExport@Assimp@@QAEXPBDPAVIOSystem@2@PBUaiScene@@@Z)
AssbinExporter.obj : error LNK2019: unresolved external symbol _compressBound referenced in function "public: void __thiscall Assimp::AssbinExport::WriteBinaryDump(char const *,class Assimp::IOSystem *,struct aiScene const *)" (?WriteBinaryDump@AssbinExport@Assimp@@QAEXPBDPAVIOSystem@2@PBUaiScene@@@Z)
unzip.obj : error LNK2019: unresolved external symbol _crc32 referenced in function _unzReadCurrentFile
unzip.obj : error LNK2019: unresolved external symbol _get_crc_table referenced in function _unzOpenCurrentFile3
D:\Study\anaconda\Library\lib\z.lib : warning LNK4272: library machine type 'x64' conflicts with target machine type 'X86'
D:\Study\file\demo\OpenGL\summarize\assimp-5.0.1\build\code\Debug\assimp-vc140-mtd.dll : fatal error LNK1120: 11 unresolved externals
